Using pre-set license
Built from '2020.3/staging' branch; Version is '2020.3.11f1 (99c7afb366b3) revision 10078127'; Using compiler version '192528614'; Build Type 'Release'
OS: 'Windows 10 Pro; OS build 22000.556; Version 2009; 64bit' Language: 'ko' Physical Memory: 16183 MB
BatchMode: 1, IsHumanControllingUs: 0, StartBugReporterOnCrash: 0, Is64bit: 1, IsPro: 0

 COMMAND LINE ARGUMENTS:
C:\Program Files\Unity\Hub\Editor\2020.3.11f1\Editor\Unity.exe
-adb2
-batchMode
-noUpm
-name
AssetImportWorker0
-projectPath
C:/Users/rladu/OneDrive/문서/GitHub/virus_game
-logFile
Logs/AssetImportWorker0.log
-srvPort
59536
Successfully changed project path to: C:/Users/rladu/OneDrive/문서/GitHub/virus_game
C:/Users/rladu/OneDrive/문서/GitHub/virus_game
Using Asset Import Pipeline V2.
Refreshing native plugins compatible for Editor in 116.51 ms, found 2 plugins.
Preloading 0 native plugins for Editor in 0.00 ms.
Initialize engine version: 2020.3.11f1 (99c7afb366b3)
[Subsystems] Discovering subsystems at path C:/Program Files/Unity/Hub/Editor/2020.3.11f1/Editor/Data/Resources/UnitySubsystems
[Subsystems] Discovering subsystems at path C:/Users/rladu/OneDrive/문서/GitHub/virus_game/Assets
GfxDevice: creating device client; threaded=0
Direct3D:
    Version:  Direct3D 11.0 [level 11.1]
    Renderer: NVIDIA GeForce MX450 (ID=0x1f97)
    Vendor:   
    VRAM:     1928 MB
    Driver:   27.21.14.6627
Initialize mono
Mono path[0] = 'C:/Program Files/Unity/Hub/Editor/2020.3.11f1/Editor/Data/Managed'
Mono path[1] = 'C:/Program Files/Unity/Hub/Editor/2020.3.11f1/Editor/Data/MonoBleedingEdge/lib/mono/unityjit'
Mono config path = 'C:/Program Files/Unity/Hub/Editor/2020.3.11f1/Editor/Data/MonoBleedingEdge/etc'
Using monoOptions --debugger-agent=transport=dt_socket,embedding=1,server=y,suspend=n,address=127.0.0.1:56436
Begin MonoManager ReloadAssembly
Registering precompiled unity dll's ...
Register platform support module: C:/Program Files/Unity/Hub/Editor/2020.3.11f1/Editor/Data/PlaybackEngines/WebGLSupport/UnityEditor.WebGL.Extensions.dll
Register platform support module: C:/Program Files/Unity/Hub/Editor/2020.3.11f1/Editor/Data/PlaybackEngines/WindowsStandaloneSupport/UnityEditor.WindowsStandalone.Extensions.dll
Registered in 0.003961 seconds.
Native extension for WindowsStandalone target not found
Native extension for WebGL target not found
Refreshing native plugins compatible for Editor in 60.22 ms, found 2 plugins.
Preloading 0 native plugins for Editor in 0.00 ms.
Mono: successfully reloaded assembly
- Completed reload, in  3.577 seconds
Platform modules already initialized, skipping
Registering precompiled user dll's ...
Registered in 0.008466 seconds.
Begin MonoManager ReloadAssembly
Native extension for WindowsStandalone target not found
Native extension for WebGL target not found
Refreshing native plugins compatible for Editor in 0.46 ms, found 2 plugins.
Preloading 0 native plugins for Editor in 0.00 ms.
Mono: successfully reloaded assembly
- Completed reload, in  4.127 seconds
Platform modules already initialized, skipping
========================================================================
Worker process is ready to serve import requests
Launched and connected shader compiler UnityShaderCompiler.exe after 0.22 seconds
Refreshing native plugins compatible for Editor in 0.55 ms, found 2 plugins.
Preloading 0 native plugins for Editor in 0.00 ms.
Unloading 1551 Unused Serialized files (Serialized files now loaded: 0)
System memory in use before: 70.1 MB.
System memory in use after: 70.2 MB.

Unloading 19 unused Assets to reduce memory usage. Loaded Objects now: 1983.
Total: 2.648400 ms (FindLiveObjects: 0.194300 ms CreateObjectMapping: 0.051600 ms MarkObjects: 2.319200 ms  DeleteObjects: 0.081100 ms)

========================================================================
Received Import Request.
  path: Assets/New Physic Material.physicMaterial
  artifactKey: Guid(f8cc79bfb9bbfda418e30ec119875ae5) Importer(815301076,1909f56bfc062723c751e8b465ee728b)
Start importing Assets/New Physic Material.physicMaterial using Guid(f8cc79bfb9bbfda418e30ec119875ae5) Importer(815301076,1909f56bfc062723c751e8b465ee728b)  -> (artifact id: '55b8da148834ee7d0821646088dddea2') in 0.138907 seconds
  Import took 0.144289 seconds .

========================================================================
Received Import Request.
  Time since last request: 0.739625 seconds.
  path: Assets/Material/Background.mat
  artifactKey: Guid(d4a0890931d0fd44eaccf5436fac30d7) Importer(815301076,1909f56bfc062723c751e8b465ee728b)
Start importing Assets/Material/Background.mat using Guid(d4a0890931d0fd44eaccf5436fac30d7) Importer(815301076,1909f56bfc062723c751e8b465ee728b)  -> (artifact id: '760fe38dc8db616db4130e2bec56d990') in 0.296855 seconds
  Import took 0.301338 seconds .

========================================================================
Received Import Request.
  Time since last request: 0.000414 seconds.
  path: Assets/Material/Particle.mat
  artifactKey: Guid(b07cc13e7f8f07e4e80603427c5a2df3) Importer(815301076,1909f56bfc062723c751e8b465ee728b)
Start importing Assets/Material/Particle.mat using Guid(b07cc13e7f8f07e4e80603427c5a2df3) Importer(815301076,1909f56bfc062723c751e8b465ee728b)  -> (artifact id: 'e6414c393f644bbd58b9b2838c27c9fe') in 0.073620 seconds
  Import took 0.077971 seconds .

========================================================================
Received Import Request.
  Time since last request: 0.000269 seconds.
  path: Assets/Material/Shield.mat
  artifactKey: Guid(2d5025326606db24db5ff4e4a19087ac) Importer(815301076,1909f56bfc062723c751e8b465ee728b)
Start importing Assets/Material/Shield.mat using Guid(2d5025326606db24db5ff4e4a19087ac) Importer(815301076,1909f56bfc062723c751e8b465ee728b)  -> (artifact id: '2e966e1c7f01027521fb64ff5a23edd0') in 0.030682 seconds
  Import took 0.034658 seconds .

========================================================================
Received Import Request.
  Time since last request: 0.000399 seconds.
  path: Assets/Material/Bullet.mat
  artifactKey: Guid(03ed6ba1f1d8c064fa64310df2125f15) Importer(815301076,1909f56bfc062723c751e8b465ee728b)
Start importing Assets/Material/Bullet.mat using Guid(03ed6ba1f1d8c064fa64310df2125f15) Importer(815301076,1909f56bfc062723c751e8b465ee728b)  -> (artifact id: 'b9c7cd9c88971bd45097e2778a423e52') in 0.272682 seconds
  Import took 0.277367 seconds .

========================================================================
Received Import Request.
  Time since last request: 1.378387 seconds.
  path: Assets/Scenes/SampleScene.unity
  artifactKey: Guid(9fc0d4010bbf28b4594072e72b8655ab) Importer(815301076,1909f56bfc062723c751e8b465ee728b)
Start importing Assets/Scenes/SampleScene.unity using Guid(9fc0d4010bbf28b4594072e72b8655ab) Importer(815301076,1909f56bfc062723c751e8b465ee728b)  -> (artifact id: '569e49c7e70ff39b35656d205b3f04fb') in 0.009955 seconds
  Import took 0.014835 seconds .

========================================================================
Received Import Request.
  Time since last request: 0.009024 seconds.
  path: Assets/Scenes/SampleScene.unity
  artifactKey: Guid(9fc0d4010bbf28b4594072e72b8655ab) Importer(815301076,1909f56bfc062723c751e8b465ee728b)
Start importing Assets/Scenes/SampleScene.unity using Guid(9fc0d4010bbf28b4594072e72b8655ab) Importer(815301076,1909f56bfc062723c751e8b465ee728b)  -> (artifact id: '569e49c7e70ff39b35656d205b3f04fb') in 0.003250 seconds
  Import took 0.006404 seconds .

========================================================================
Received Import Request.
  Time since last request: 58.927414 seconds.
  path: Assets/Object/Blood.prefab
  artifactKey: Guid(f2bfba4e3decf0f4fa863cacaa8a8f93) Importer(815301076,1909f56bfc062723c751e8b465ee728b)
Start importing Assets/Object/Blood.prefab using Guid(f2bfba4e3decf0f4fa863cacaa8a8f93) Importer(815301076,1909f56bfc062723c751e8b465ee728b)  -> (artifact id: '3fd2c54f765fd1d16c8834a3242474e1') in 0.231598 seconds
  Import took 0.236302 seconds .

========================================================================
Received Import Request.
  Time since last request: 0.000365 seconds.
  path: Assets/Object/Monster_1.prefab
  artifactKey: Guid(6cfb9bcbf4cad654fb5fef5163921292) Importer(815301076,1909f56bfc062723c751e8b465ee728b)
Start importing Assets/Object/Monster_1.prefab using Guid(6cfb9bcbf4cad654fb5fef5163921292) Importer(815301076,1909f56bfc062723c751e8b465ee728b)  -> (artifact id: '4c1375524cb28f02cb59daa7d7a090ca') in 0.356705 seconds
  Import took 0.361548 seconds .

========================================================================
Received Import Request.
  Time since last request: 0.000359 seconds.
  path: Assets/Object/Item_6.prefab
  artifactKey: Guid(6759c5fb3fe08884c83023b2d2bef727) Importer(815301076,1909f56bfc062723c751e8b465ee728b)
Start importing Assets/Object/Item_6.prefab using Guid(6759c5fb3fe08884c83023b2d2bef727) Importer(815301076,1909f56bfc062723c751e8b465ee728b)  -> (artifact id: '25150442d12b67b207f0cdd7f1853008') in 0.038041 seconds
  Import took 0.042278 seconds .

========================================================================
Received Import Request.
  Time since last request: 0.000281 seconds.
  path: Assets/BiologyPack/health_up.fbx
  artifactKey: Guid(d7d688456e65e104a9a3bf68c800829b) Importer(815301076,1909f56bfc062723c751e8b465ee728b)
Start importing Assets/BiologyPack/health_up.fbx using Guid(d7d688456e65e104a9a3bf68c800829b) Importer(815301076,1909f56bfc062723c751e8b465ee728b)  -> (artifact id: 'f94b938a374f9107b1bfd75f4a6a7432') in 0.185217 seconds
  Import took 0.191626 seconds .

========================================================================
Received Import Request.
  Time since last request: 0.000336 seconds.
  path: Assets/Object/Item_3.prefab
  artifactKey: Guid(a051b107f0b4f294d874cb6a3c602094) Importer(815301076,1909f56bfc062723c751e8b465ee728b)
Start importing Assets/Object/Item_3.prefab using Guid(a051b107f0b4f294d874cb6a3c602094) Importer(815301076,1909f56bfc062723c751e8b465ee728b)  -> (artifact id: '3c7911e8841cdd80c499e8a78663f232') in 0.026483 seconds
  Import took 0.031427 seconds .

========================================================================
Received Import Request.
  Time since last request: 0.000272 seconds.
  path: Assets/Object/Item_2.prefab
  artifactKey: Guid(7e7b2082bf9ea6a43890b21978e035c0) Importer(815301076,1909f56bfc062723c751e8b465ee728b)
Start importing Assets/Object/Item_2.prefab using Guid(7e7b2082bf9ea6a43890b21978e035c0) Importer(815301076,1909f56bfc062723c751e8b465ee728b)  -> (artifact id: 'f93e1f7553aa6d9ddd53239835330566') in 0.022420 seconds
  Import took 0.029612 seconds .

========================================================================
Received Import Request.
  Time since last request: 0.000328 seconds.
  path: Assets/BiologyPack/boom.fbx
  artifactKey: Guid(f0f550ae91852e44dae4f45b1067b38f) Importer(815301076,1909f56bfc062723c751e8b465ee728b)
Start importing Assets/BiologyPack/boom.fbx using Guid(f0f550ae91852e44dae4f45b1067b38f) Importer(815301076,1909f56bfc062723c751e8b465ee728b)  -> (artifact id: '84e9e5aee2b205d7616222a3dd5f41b9') in 0.071936 seconds
  Import took 0.078898 seconds .

========================================================================
Received Import Request.
  Time since last request: 0.000306 seconds.
  path: Assets/BiologyPack/pollution_up.fbx
  artifactKey: Guid(c083c57e16988dd45a6326e9375f59a6) Importer(815301076,1909f56bfc062723c751e8b465ee728b)
Start importing Assets/BiologyPack/pollution_up.fbx using Guid(c083c57e16988dd45a6326e9375f59a6) Importer(815301076,1909f56bfc062723c751e8b465ee728b)  -> (artifact id: '62f67f62e48e1acdae1a0c6971770516') in 0.131777 seconds
  Import took 0.136864 seconds .

========================================================================
Received Import Request.
  Time since last request: 0.000321 seconds.
  path: Assets/Object/Player.prefab
  artifactKey: Guid(4c1aa9b29623a9b4d8f68a4950666899) Importer(815301076,1909f56bfc062723c751e8b465ee728b)
Start importing Assets/Object/Player.prefab using Guid(4c1aa9b29623a9b4d8f68a4950666899) Importer(815301076,1909f56bfc062723c751e8b465ee728b)  -> (artifact id: 'be31ef6eec58275255495191c5edeb68') in 0.192154 seconds
  Import took 0.196719 seconds .

========================================================================
Received Import Request.
  Time since last request: 0.000341 seconds.
  path: Assets/Object/Item_1.prefab
  artifactKey: Guid(22c053170917ce248a29f1ee481de235) Importer(815301076,1909f56bfc062723c751e8b465ee728b)
Start importing Assets/Object/Item_1.prefab using Guid(22c053170917ce248a29f1ee481de235) Importer(815301076,1909f56bfc062723c751e8b465ee728b)  -> (artifact id: '261b2e02588c8e47fca85a74d4dc28ea') in 0.024639 seconds
  Import took 0.029921 seconds .

========================================================================
Received Import Request.
  Time since last request: 0.000341 seconds.
  path: Assets/Object/Leukocyte.prefab
  artifactKey: Guid(08c3880f3e799324b8b12edbca0433f6) Importer(815301076,1909f56bfc062723c751e8b465ee728b)
Start importing Assets/Object/Leukocyte.prefab using Guid(08c3880f3e799324b8b12edbca0433f6) Importer(815301076,1909f56bfc062723c751e8b465ee728b)  -> (artifact id: 'b2c7bf49ae92e828ac327948ae57d776') in 0.078383 seconds
  Import took 0.085023 seconds .

========================================================================
Received Import Request.
  Time since last request: 0.000347 seconds.
  path: Assets/BiologyPack/unit_plus.fbx
  artifactKey: Guid(1109ef3be0b26054fb70f4ff165cf631) Importer(815301076,1909f56bfc062723c751e8b465ee728b)
Start importing Assets/BiologyPack/unit_plus.fbx using Guid(1109ef3be0b26054fb70f4ff165cf631) Importer(815301076,1909f56bfc062723c751e8b465ee728b)  -> (artifact id: 'c6b108b7891d4b4b60ba4bc67826d75d') in 0.075118 seconds
  Import took 0.079496 seconds .

========================================================================
Received Import Request.
  Time since last request: 0.000283 seconds.
  path: Assets/Object/Item_4.prefab
  artifactKey: Guid(15ffb2957eb803f41b14bf7ad9753b68) Importer(815301076,1909f56bfc062723c751e8b465ee728b)
Start importing Assets/Object/Item_4.prefab using Guid(15ffb2957eb803f41b14bf7ad9753b68) Importer(815301076,1909f56bfc062723c751e8b465ee728b)  -> (artifact id: 'f0a260a5eb43c6a2762b1bfc19797c38') in 0.024258 seconds
  Import took 0.030600 seconds .

========================================================================
Received Import Request.
  Time since last request: 0.000378 seconds.
  path: Assets/Object/Item_5.prefab
  artifactKey: Guid(a8b40a7f1e3203449addb40fcd2bf72c) Importer(815301076,1909f56bfc062723c751e8b465ee728b)
Start importing Assets/Object/Item_5.prefab using Guid(a8b40a7f1e3203449addb40fcd2bf72c) Importer(815301076,1909f56bfc062723c751e8b465ee728b)  -> (artifact id: '4711fb34e98f13362474f31fa4e625cc') in 0.034842 seconds
  Import took 0.041000 seconds .

========================================================================
Received Import Request.
  Time since last request: 0.000308 seconds.
  path: Assets/Object/Wave_1.prefab
  artifactKey: Guid(bb2a5b36c43ad1049b6fb5cda7b51678) Importer(815301076,1909f56bfc062723c751e8b465ee728b)
Start importing Assets/Object/Wave_1.prefab using Guid(bb2a5b36c43ad1049b6fb5cda7b51678) Importer(815301076,1909f56bfc062723c751e8b465ee728b)  -> (artifact id: 'f7b995e06fd60c9e20894442f737043a') in 0.041703 seconds
  Import took 0.049461 seconds .

========================================================================
Received Import Request.
  Time since last request: 0.000319 seconds.
  path: Assets/BiologyPack/defense_up.fbx
  artifactKey: Guid(6fb288fa4403b7846acc9f345c9a0b17) Importer(815301076,1909f56bfc062723c751e8b465ee728b)
Start importing Assets/BiologyPack/defense_up.fbx using Guid(6fb288fa4403b7846acc9f345c9a0b17) Importer(815301076,1909f56bfc062723c751e8b465ee728b)  -> (artifact id: '376aff25f84f485c032807f8283bc8ba') in 0.068320 seconds
  Import took 0.074585 seconds .

========================================================================
Received Import Request.
  Time since last request: 0.000303 seconds.
  path: Assets/BiologyPack/damage_up (1).fbx
  artifactKey: Guid(5b3f672f1296df54fb1e0001b142cad3) Importer(815301076,1909f56bfc062723c751e8b465ee728b)
Start importing Assets/BiologyPack/damage_up (1).fbx using Guid(5b3f672f1296df54fb1e0001b142cad3) Importer(815301076,1909f56bfc062723c751e8b465ee728b)  -> (artifact id: '898d451888b129b696c9aa61955f864a') in 0.069959 seconds
  Import took 0.075056 seconds .

========================================================================
Received Import Request.
  Time since last request: 0.000323 seconds.
  path: Assets/Object/Bullet.prefab
  artifactKey: Guid(29e5f5c7abf8ac24ba9c07904ca8cbdb) Importer(815301076,1909f56bfc062723c751e8b465ee728b)
Start importing Assets/Object/Bullet.prefab using Guid(29e5f5c7abf8ac24ba9c07904ca8cbdb) Importer(815301076,1909f56bfc062723c751e8b465ee728b)  -> (artifact id: '651a9f876d2abded5d16a9e354312fe2') in 0.027571 seconds
  Import took 0.038491 seconds .

========================================================================
Received Import Request.
  Time since last request: 16.355455 seconds.
  path: Assets/Script/Blood.cs
  artifactKey: Guid(e23f2ce4a2a4e25418d23289b91e5334) Importer(815301076,1909f56bfc062723c751e8b465ee728b)
Start importing Assets/Script/Blood.cs using Guid(e23f2ce4a2a4e25418d23289b91e5334) Importer(815301076,1909f56bfc062723c751e8b465ee728b)  -> (artifact id: '9271ab62b76eea1cd6f8c2179fc16a34') in 0.015186 seconds
  Import took 0.019877 seconds .

========================================================================
Received Prepare
Registering precompiled user dll's ...
Registered in 0.274710 seconds.
Begin MonoManager ReloadAssembly
Native extension for WindowsStandalone target not found
Native extension for WebGL target not found
Refreshing native plugins compatible for Editor in 0.45 ms, found 2 plugins.
Preloading 0 native plugins for Editor in 0.00 ms.
Mono: successfully reloaded assembly
- Completed reload, in  2.717 seconds
Platform modules already initialized, skipping
Refreshing native plugins compatible for Editor in 0.83 ms, found 2 plugins.
Preloading 0 native plugins for Editor in 0.00 ms.
Unloading 1545 Unused Serialized files (Serialized files now loaded: 0)
System memory in use before: 74.2 MB.
System memory in use after: 74.3 MB.

Unloading 17 unused Assets to reduce memory usage. Loaded Objects now: 2033.
Total: 4.353400 ms (FindLiveObjects: 0.300300 ms CreateObjectMapping: 0.099100 ms MarkObjects: 3.822200 ms  DeleteObjects: 0.129100 ms)

========================================================================
Received Import Request.
  Time since last request: 71.054094 seconds.
  path: Assets/Script/Blood.cs
  artifactKey: Guid(e23f2ce4a2a4e25418d23289b91e5334) Importer(815301076,1909f56bfc062723c751e8b465ee728b)
Start importing Assets/Script/Blood.cs using Guid(e23f2ce4a2a4e25418d23289b91e5334) Importer(815301076,1909f56bfc062723c751e8b465ee728b)  -> (artifact id: 'd7bc0953038c4a6ce8e7de16be323f9b') in 0.010368 seconds
  Import took 0.016153 seconds .

========================================================================
Received Prepare
Registering precompiled user dll's ...
Registered in 0.011583 seconds.
Begin MonoManager ReloadAssembly
Native extension for WindowsStandalone target not found
Native extension for WebGL target not found
Refreshing native plugins compatible for Editor in 0.63 ms, found 2 plugins.
Preloading 0 native plugins for Editor in 0.00 ms.
Mono: successfully reloaded assembly
- Completed reload, in  1.988 seconds
Platform modules already initialized, skipping
Refreshing native plugins compatible for Editor in 0.54 ms, found 2 plugins.
Preloading 0 native plugins for Editor in 0.00 ms.
Unloading 1545 Unused Serialized files (Serialized files now loaded: 0)
System memory in use before: 74.3 MB.
System memory in use after: 74.4 MB.

Unloading 14 unused Assets to reduce memory usage. Loaded Objects now: 2035.
Total: 3.277700 ms (FindLiveObjects: 0.434000 ms CreateObjectMapping: 0.138400 ms MarkObjects: 2.671600 ms  DeleteObjects: 0.031500 ms)

========================================================================
Received Prepare
Registering precompiled user dll's ...
Registered in 0.009240 seconds.
Begin MonoManager ReloadAssembly
Native extension for WindowsStandalone target not found
Native extension for WebGL target not found
Refreshing native plugins compatible for Editor in 0.92 ms, found 2 plugins.
Preloading 0 native plugins for Editor in 0.00 ms.
Mono: successfully reloaded assembly
- Completed reload, in  3.160 seconds
Platform modules already initialized, skipping
Refreshing native plugins compatible for Editor in 1.18 ms, found 2 plugins.
Preloading 0 native plugins for Editor in 0.00 ms.
Unloading 1545 Unused Serialized files (Serialized files now loaded: 0)
System memory in use before: 74.3 MB.
System memory in use after: 74.4 MB.

Unloading 14 unused Assets to reduce memory usage. Loaded Objects now: 2037.
Total: 3.614300 ms (FindLiveObjects: 0.257400 ms CreateObjectMapping: 0.093400 ms MarkObjects: 3.230600 ms  DeleteObjects: 0.030000 ms)

========================================================================
Received Prepare
Registering precompiled user dll's ...
Registered in 0.009642 seconds.
Begin MonoManager ReloadAssembly
Native extension for WindowsStandalone target not found
Native extension for WebGL target not found
Refreshing native plugins compatible for Editor in 0.64 ms, found 2 plugins.
Preloading 0 native plugins for Editor in 0.00 ms.
Mono: successfully reloaded assembly
- Completed reload, in  2.312 seconds
Platform modules already initialized, skipping
Refreshing native plugins compatible for Editor in 0.67 ms, found 2 plugins.
Preloading 0 native plugins for Editor in 0.00 ms.
Unloading 1545 Unused Serialized files (Serialized files now loaded: 0)
System memory in use before: 74.3 MB.
System memory in use after: 74.4 MB.

Unloading 14 unused Assets to reduce memory usage. Loaded Objects now: 2039.
Total: 3.367300 ms (FindLiveObjects: 0.246100 ms CreateObjectMapping: 0.068300 ms MarkObjects: 3.025700 ms  DeleteObjects: 0.025500 ms)

========================================================================
Received Prepare
Registering precompiled user dll's ...
Registered in 0.006954 seconds.
Begin MonoManager ReloadAssembly
Native extension for WindowsStandalone target not found
Native extension for WebGL target not found
Refreshing native plugins compatible for Editor in 0.40 ms, found 2 plugins.
Preloading 0 native plugins for Editor in 0.00 ms.
Mono: successfully reloaded assembly
- Completed reload, in  2.313 seconds
Platform modules already initialized, skipping
Refreshing native plugins compatible for Editor in 0.83 ms, found 2 plugins.
Preloading 0 native plugins for Editor in 0.00 ms.
Unloading 1545 Unused Serialized files (Serialized files now loaded: 0)
System memory in use before: 74.3 MB.
System memory in use after: 74.4 MB.

Unloading 14 unused Assets to reduce memory usage. Loaded Objects now: 2041.
Total: 5.948200 ms (FindLiveObjects: 0.406600 ms CreateObjectMapping: 0.154600 ms MarkObjects: 5.337600 ms  DeleteObjects: 0.046500 ms)

========================================================================
Received Prepare
Registering precompiled user dll's ...
Registered in 0.007264 seconds.
Begin MonoManager ReloadAssembly
Native extension for WindowsStandalone target not found
Native extension for WebGL target not found
Refreshing native plugins compatible for Editor in 0.61 ms, found 2 plugins.
Preloading 0 native plugins for Editor in 0.00 ms.
Mono: successfully reloaded assembly
- Completed reload, in  1.936 seconds
Platform modules already initialized, skipping
Refreshing native plugins compatible for Editor in 0.76 ms, found 2 plugins.
Preloading 0 native plugins for Editor in 0.00 ms.
Unloading 1545 Unused Serialized files (Serialized files now loaded: 0)
System memory in use before: 74.3 MB.
System memory in use after: 74.4 MB.

Unloading 14 unused Assets to reduce memory usage. Loaded Objects now: 2043.
Total: 4.463600 ms (FindLiveObjects: 0.191400 ms CreateObjectMapping: 0.056100 ms MarkObjects: 4.172200 ms  DeleteObjects: 0.041200 ms)

========================================================================
Received Prepare
Registering precompiled user dll's ...
Registered in 0.008093 seconds.
Begin MonoManager ReloadAssembly
Native extension for WindowsStandalone target not found
Native extension for WebGL target not found
Refreshing native plugins compatible for Editor in 0.55 ms, found 2 plugins.
Preloading 0 native plugins for Editor in 0.00 ms.
Mono: successfully reloaded assembly
- Completed reload, in  2.164 seconds
Platform modules already initialized, skipping
Refreshing native plugins compatible for Editor in 1.23 ms, found 2 plugins.
Preloading 0 native plugins for Editor in 0.00 ms.
Unloading 1545 Unused Serialized files (Serialized files now loaded: 0)
System memory in use before: 74.3 MB.
System memory in use after: 74.4 MB.

Unloading 14 unused Assets to reduce memory usage. Loaded Objects now: 2045.
Total: 2.895200 ms (FindLiveObjects: 0.312400 ms CreateObjectMapping: 0.156600 ms MarkObjects: 2.398800 ms  DeleteObjects: 0.025800 ms)

========================================================================
Received Import Request.
  Time since last request: 114.630795 seconds.
  path: Assets/Script/Player.cs
  artifactKey: Guid(f3261c72c96084944bb611c21d2276fd) Importer(815301076,1909f56bfc062723c751e8b465ee728b)
Start importing Assets/Script/Player.cs using Guid(f3261c72c96084944bb611c21d2276fd) Importer(815301076,1909f56bfc062723c751e8b465ee728b)  -> (artifact id: '441407e1618326ede6666a4891024316') in 0.015727 seconds
  Import took 0.021239 seconds .

========================================================================
Received Import Request.
  Time since last request: 0.057240 seconds.
  path: Assets/Script/Player.cs
  artifactKey: Guid(f3261c72c96084944bb611c21d2276fd) Importer(815301076,1909f56bfc062723c751e8b465ee728b)
Start importing Assets/Script/Player.cs using Guid(f3261c72c96084944bb611c21d2276fd) Importer(815301076,1909f56bfc062723c751e8b465ee728b)  -> (artifact id: '441407e1618326ede6666a4891024316') in 0.010839 seconds
  Import took 0.016617 seconds .

AssetImportWorkerClient::OnTransportError - code=2 error=End of file
